The target system is: Generic - 1 - RISCV
The host system is: Linux - 5.4.0-73-generic - x86_64
Compiling the C compiler identification source file "CMakeCCompilerId.c" succeeded.
Compiler: /usr/bin/riscv64-elf-20210120/bin/riscv64-unknown-elf-gcc 
Build flags: 
Id flags:  

The output was:
0


Compilation of the C compiler identification source "CMakeCCompilerId.c" produced "a.out"

The C compiler identification is GNU, found in "/home/zp/develop/BL702/RV-Debugger-BL702/build/CMakeFiles/3.19.3/CompilerIdC/a.out"

Compiling the CXX compiler identification source file "CMakeCXXCompilerId.cpp" succeeded.
Compiler: /usr/bin/riscv64-elf-20210120/bin/riscv64-unknown-elf-g++ 
Build flags: 
Id flags:  

The output was:
0


Compilation of the CXX compiler identification source "CMakeCXXCompilerId.cpp" produced "a.out"

The CXX compiler identification is GNU, found in "/home/zp/develop/BL702/RV-Debugger-BL702/build/CMakeFiles/3.19.3/CompilerIdCXX/a.out"

Checking whether the ASM compiler is GNU using "--version" matched "(GNU assembler)|(GCC)|(Free Software Foundation)":
riscv64-unknown-elf-gcc (T-HEAD RISCV Tools V1.10.4 B20210120) 8.4.0
Copyright (C) 2018 Free Software Foundation, Inc.
This is free software; see the source for copying conditions.  There is NO
warranty; not even for MERCHANTABILITY or FITNESS FOR A PARTICULAR PURPOSE.

Detecting C compiler ABI info compiled with the following output:
Change Dir: /home/zp/develop/BL702/RV-Debugger-BL702/build/CMakeFiles/CMakeTmp

Run Build Command(s):/usr/bin/make cmTC_d955b/fast && make[2]: Entering directory '/home/zp/develop/BL702/RV-Debugger-BL702/build/CMakeFiles/CMakeTmp'
/usr/bin/make  -f CMakeFiles/cmTC_d955b.dir/build.make CMakeFiles/cmTC_d955b.dir/build
make[3]: Entering directory '/home/zp/develop/BL702/RV-Debugger-BL702/build/CMakeFiles/CMakeTmp'
Building C object CMakeFiles/cmTC_d955b.dir/CMakeCCompilerABI.c.obj
/usr/bin/riscv64-elf-20210120/bin/riscv64-unknown-elf-gcc   -v -o CMakeFiles/cmTC_d955b.dir/CMakeCCompilerABI.c.obj -c /usr/bin/cmake-3.19.3-Linux-x86_64/share/cmake-3.19/Modules/CMakeCCompilerABI.c
Using built-in specs.
COLLECT_GCC=/usr/bin/riscv64-elf-20210120/bin/riscv64-unknown-elf-gcc
Target: riscv64-unknown-elf
Configured with: /ldhome/software/toolsbuild/slave2/workspace/Toolchain/release-riscv-0/build/../source/riscv/riscv-gcc/configure --target=riscv64-unknown-elf --with-mpc=/ldhome/software/toolsbuild/slave2/workspace/Toolchain/release-riscv-0/lib-for-gcc-x86_64-linux/ --with-mpfr=/ldhome/software/toolsbuild/slave2/workspace/Toolchain/release-riscv-0/lib-for-gcc-x86_64-linux/ --with-gmp=/ldhome/software/toolsbuild/slave2/workspace/Toolchain/release-riscv-0/lib-for-gcc-x86_64-linux/ --prefix=/ldhome/software/toolsbuild/slave2/workspace/Toolchain/release-riscv-0/install --disable-shared --disable-threads --enable-languages=c,c++ --with-system-zlib --enable-tls --enable-libgcctf --with-newlib --with-sysroot=/ldhome/software/toolsbuild/slave2/workspace/Toolchain/release-riscv-0/install/riscv64-unknown-elf --with-native-system-header-dir=/include --disable-libmudflap --disable-libssp --disable-libquadmath --disable-libgomp --disable-nls --src=../../source/riscv/riscv-gcc --with-pkgversion='T-HEAD RISCV Tools V1.10.4 B20210120' --enable-multilib --with-abi=lp64d --with-arch=rv64gcxthead 'CFLAGS_FOR_TARGET=-Os  -mcmodel=medany' 'CXXFLAGS_FOR_TARGET=-Os  -mcmodel=medany' CC=gcc CXX=g++
Thread model: single
gcc version 8.4.0 (T-HEAD RISCV Tools V1.10.4 B20210120) 
COLLECT_GCC_OPTIONS='-v' '-o' 'CMakeFiles/cmTC_d955b.dir/CMakeCCompilerABI.c.obj' '-c' '-march=rv64gcxthead' '-mabi=lp64d'
 /usr/bin/riscv64-elf-20210120/bin/../libexec/gcc/riscv64-unknown-elf/8.4.0/cc1 -quiet -v -imultilib rv64imafdcxtheadc/lp64d -iprefix /usr/bin/riscv64-elf-20210120/bin/../lib/gcc/riscv64-unknown-elf/8.4.0/ -isysroot /usr/bin/riscv64-elf-20210120/bin/../riscv64-unknown-elf /usr/bin/cmake-3.19.3-Linux-x86_64/share/cmake-3.19/Modules/CMakeCCompilerABI.c -quiet -dumpbase CMakeCCompilerABI.c -march=rv64gcxthead -mabi=lp64d -auxbase-strip CMakeFiles/cmTC_d955b.dir/CMakeCCompilerABI.c.obj -version -o /tmp/ccj3fYDK.s
GNU C17 (T-HEAD RISCV Tools V1.10.4 B20210120) version 8.4.0 (riscv64-unknown-elf)
	compiled by GNU C version 6.4.0, GMP version 6.2.0, MPFR version 4.0.2, MPC version 1.1.0, isl version none
GGC heuristics: --param ggc-min-expand=100 --param ggc-min-heapsize=131072
ignoring duplicate directory "/usr/bin/riscv64-elf-20210120/bin/../lib/gcc/../../lib/gcc/riscv64-unknown-elf/8.4.0/include"
ignoring nonexistent directory "/usr/bin/riscv64-elf-20210120/bin/../riscv64-unknown-elf/usr/local/include"
ignoring duplicate directory "/usr/bin/riscv64-elf-20210120/bin/../lib/gcc/../../lib/gcc/riscv64-unknown-elf/8.4.0/include-fixed"
ignoring duplicate directory "/usr/bin/riscv64-elf-20210120/bin/../lib/gcc/../../lib/gcc/riscv64-unknown-elf/8.4.0/../../../../riscv64-unknown-elf/include"
ignoring duplicate directory "/usr/bin/riscv64-elf-20210120/bin/../riscv64-unknown-elf/include"
#include "..." search starts here:
#include <...> search starts here:
 /usr/bin/riscv64-elf-20210120/bin/../lib/gcc/riscv64-unknown-elf/8.4.0/include
 /usr/bin/riscv64-elf-20210120/bin/../lib/gcc/riscv64-unknown-elf/8.4.0/include-fixed
 /usr/bin/riscv64-elf-20210120/bin/../lib/gcc/riscv64-unknown-elf/8.4.0/../../../../riscv64-unknown-elf/include
End of search list.
GNU C17 (T-HEAD RISCV Tools V1.10.4 B20210120) version 8.4.0 (riscv64-unknown-elf)
	compiled by GNU C version 6.4.0, GMP version 6.2.0, MPFR version 4.0.2, MPC version 1.1.0, isl version none
GGC heuristics: --param ggc-min-expand=100 --param ggc-min-heapsize=131072
Compiler executable checksum: 954e598d6cca17ebcfcc29bc4e93a260
COLLECT_GCC_OPTIONS='-v' '-o' 'CMakeFiles/cmTC_d955b.dir/CMakeCCompilerABI.c.obj' '-c' '-march=rv64gcxthead' '-mabi=lp64d'
 /usr/bin/riscv64-elf-20210120/bin/../lib/gcc/riscv64-unknown-elf/8.4.0/../../../../riscv64-unknown-elf/bin/as -v --traditional-format -march=rv64gcxthead -mabi=lp64d -o CMakeFiles/cmTC_d955b.dir/CMakeCCompilerABI.c.obj /tmp/ccj3fYDK.s
GNU assembler version 2.32 (riscv64-unknown-elf) using BFD version (GNU Binutils) 2.32
COMPILER_PATH=/usr/bin/riscv64-elf-20210120/bin/../libexec/gcc/riscv64-unknown-elf/8.4.0/:/usr/bin/riscv64-elf-20210120/bin/../libexec/gcc/:/usr/bin/riscv64-elf-20210120/bin/../lib/gcc/riscv64-unknown-elf/8.4.0/../../../../riscv64-unknown-elf/bin/
LIBRARY_PATH=/usr/bin/riscv64-elf-20210120/bin/../lib/gcc/riscv64-unknown-elf/8.4.0/rv64imafdcxtheadc/lp64d/:/usr/bin/riscv64-elf-20210120/bin/../lib/gcc/riscv64-unknown-elf/8.4.0/../../../../riscv64-unknown-elf/lib/rv64imafdcxtheadc/lp64d/:/usr/bin/riscv64-elf-20210120/bin/../riscv64-unknown-elf/lib/rv64imafdcxtheadc/lp64d/:/usr/bin/riscv64-elf-20210120/bin/../lib/gcc/riscv64-unknown-elf/8.4.0/:/usr/bin/riscv64-elf-20210120/bin/../lib/gcc/:/usr/bin/riscv64-elf-20210120/bin/../lib/gcc/riscv64-unknown-elf/8.4.0/../../../../riscv64-unknown-elf/lib/:/usr/bin/riscv64-elf-20210120/bin/../riscv64-unknown-elf/lib/
COLLECT_GCC_OPTIONS='-v' '-o' 'CMakeFiles/cmTC_d955b.dir/CMakeCCompilerABI.c.obj' '-c' '-march=rv64gcxthead' '-mabi=lp64d'
Linking C executable cmTC_d955b
/usr/bin/cmake-3.19.3-Linux-x86_64/bin/cmake -E cmake_link_script CMakeFiles/cmTC_d955b.dir/link.txt --verbose=1
/usr/bin/riscv64-elf-20210120/bin/riscv64-unknown-elf-gcc  -v CMakeFiles/cmTC_d955b.dir/CMakeCCompilerABI.c.obj -o cmTC_d955b 
Using built-in specs.
COLLECT_GCC=/usr/bin/riscv64-elf-20210120/bin/riscv64-unknown-elf-gcc
COLLECT_LTO_WRAPPER=/usr/bin/riscv64-elf-20210120/bin/../libexec/gcc/riscv64-unknown-elf/8.4.0/lto-wrapper
Target: riscv64-unknown-elf
Configured with: /ldhome/software/toolsbuild/slave2/workspace/Toolchain/release-riscv-0/build/../source/riscv/riscv-gcc/configure --target=riscv64-unknown-elf --with-mpc=/ldhome/software/toolsbuild/slave2/workspace/Toolchain/release-riscv-0/lib-for-gcc-x86_64-linux/ --with-mpfr=/ldhome/software/toolsbuild/slave2/workspace/Toolchain/release-riscv-0/lib-for-gcc-x86_64-linux/ --with-gmp=/ldhome/software/toolsbuild/slave2/workspace/Toolchain/release-riscv-0/lib-for-gcc-x86_64-linux/ --prefix=/ldhome/software/toolsbuild/slave2/workspace/Toolchain/release-riscv-0/install --disable-shared --disable-threads --enable-languages=c,c++ --with-system-zlib --enable-tls --enable-libgcctf --with-newlib --with-sysroot=/ldhome/software/toolsbuild/slave2/workspace/Toolchain/release-riscv-0/install/riscv64-unknown-elf --with-native-system-header-dir=/include --disable-libmudflap --disable-libssp --disable-libquadmath --disable-libgomp --disable-nls --src=../../source/riscv/riscv-gcc --with-pkgversion='T-HEAD RISCV Tools V1.10.4 B20210120' --enable-multilib --with-abi=lp64d --with-arch=rv64gcxthead 'CFLAGS_FOR_TARGET=-Os  -mcmodel=medany' 'CXXFLAGS_FOR_TARGET=-Os  -mcmodel=medany' CC=gcc CXX=g++
Thread model: single
gcc version 8.4.0 (T-HEAD RISCV Tools V1.10.4 B20210120) 
COMPILER_PATH=/usr/bin/riscv64-elf-20210120/bin/../libexec/gcc/riscv64-unknown-elf/8.4.0/:/usr/bin/riscv64-elf-20210120/bin/../libexec/gcc/:/usr/bin/riscv64-elf-20210120/bin/../lib/gcc/riscv64-unknown-elf/8.4.0/../../../../riscv64-unknown-elf/bin/
LIBRARY_PATH=/usr/bin/riscv64-elf-20210120/bin/../lib/gcc/riscv64-unknown-elf/8.4.0/rv64imafdcxtheadc/lp64d/:/usr/bin/riscv64-elf-20210120/bin/../lib/gcc/riscv64-unknown-elf/8.4.0/../../../../riscv64-unknown-elf/lib/rv64imafdcxtheadc/lp64d/:/usr/bin/riscv64-elf-20210120/bin/../riscv64-unknown-elf/lib/rv64imafdcxtheadc/lp64d/:/usr/bin/riscv64-elf-20210120/bin/../lib/gcc/riscv64-unknown-elf/8.4.0/:/usr/bin/riscv64-elf-20210120/bin/../lib/gcc/:/usr/bin/riscv64-elf-20210120/bin/../lib/gcc/riscv64-unknown-elf/8.4.0/../../../../riscv64-unknown-elf/lib/:/usr/bin/riscv64-elf-20210120/bin/../riscv64-unknown-elf/lib/
COLLECT_GCC_OPTIONS='-v' '-o' 'cmTC_d955b' '-march=rv64gcxthead' '-mabi=lp64d'
 /usr/bin/riscv64-elf-20210120/bin/../libexec/gcc/riscv64-unknown-elf/8.4.0/collect2 -plugin /usr/bin/riscv64-elf-20210120/bin/../libexec/gcc/riscv64-unknown-elf/8.4.0/liblto_plugin.so -plugin-opt=/usr/bin/riscv64-elf-20210120/bin/../libexec/gcc/riscv64-unknown-elf/8.4.0/lto-wrapper -plugin-opt=-fresolution=/tmp/ccNvq9iN.res -plugin-opt=-pass-through=-lgcc -plugin-opt=-pass-through=-lc -plugin-opt=-pass-through=-lgloss -plugin-opt=-pass-through=-lgcc --sysroot=/usr/bin/riscv64-elf-20210120/bin/../riscv64-unknown-elf -melf64lriscv -o cmTC_d955b /usr/bin/riscv64-elf-20210120/bin/../lib/gcc/riscv64-unknown-elf/8.4.0/../../../../riscv64-unknown-elf/lib/rv64imafdcxtheadc/lp64d/crt0.o /usr/bin/riscv64-elf-20210120/bin/../lib/gcc/riscv64-unknown-elf/8.4.0/rv64imafdcxtheadc/lp64d/crtbegin.o -L/usr/bin/riscv64-elf-20210120/bin/../lib/gcc/riscv64-unknown-elf/8.4.0/rv64imafdcxtheadc/lp64d -L/usr/bin/riscv64-elf-20210120/bin/../lib/gcc/riscv64-unknown-elf/8.4.0/../../../../riscv64-unknown-elf/lib/rv64imafdcxtheadc/lp64d -L/usr/bin/riscv64-elf-20210120/bin/../riscv64-unknown-elf/lib/rv64imafdcxtheadc/lp64d -L/usr/bin/riscv64-elf-20210120/bin/../lib/gcc/riscv64-unknown-elf/8.4.0 -L/usr/bin/riscv64-elf-20210120/bin/../lib/gcc -L/usr/bin/riscv64-elf-20210120/bin/../lib/gcc/riscv64-unknown-elf/8.4.0/../../../../riscv64-unknown-elf/lib -L/usr/bin/riscv64-elf-20210120/bin/../riscv64-unknown-elf/lib CMakeFiles/cmTC_d955b.dir/CMakeCCompilerABI.c.obj -lgcc --start-group -lc -lgloss --end-group -lgcc /usr/bin/riscv64-elf-20210120/bin/../lib/gcc/riscv64-unknown-elf/8.4.0/rv64imafdcxtheadc/lp64d/crtend.o
COLLECT_GCC_OPTIONS='-v' '-o' 'cmTC_d955b' '-march=rv64gcxthead' '-mabi=lp64d'
make[3]: Leaving directory '/home/zp/develop/BL702/RV-Debugger-BL702/build/CMakeFiles/CMakeTmp'
make[2]: Leaving directory '/home/zp/develop/BL702/RV-Debugger-BL702/build/CMakeFiles/CMakeTmp'



Parsed C implicit include dir info from above output: rv=done
  found start of include info
  found start of implicit include info
    add: [/usr/bin/riscv64-elf-20210120/bin/../lib/gcc/riscv64-unknown-elf/8.4.0/include]
    add: [/usr/bin/riscv64-elf-20210120/bin/../lib/gcc/riscv64-unknown-elf/8.4.0/include-fixed]
    add: [/usr/bin/riscv64-elf-20210120/bin/../lib/gcc/riscv64-unknown-elf/8.4.0/../../../../riscv64-unknown-elf/include]
  end of search list found
  collapse include dir [/usr/bin/riscv64-elf-20210120/bin/../lib/gcc/riscv64-unknown-elf/8.4.0/include] ==> [/usr/bin/riscv64-elf-20210120/lib/gcc/riscv64-unknown-elf/8.4.0/include]
  collapse include dir [/usr/bin/riscv64-elf-20210120/bin/../lib/gcc/riscv64-unknown-elf/8.4.0/include-fixed] ==> [/usr/bin/riscv64-elf-20210120/lib/gcc/riscv64-unknown-elf/8.4.0/include-fixed]
  collapse include dir [/usr/bin/riscv64-elf-20210120/bin/../lib/gcc/riscv64-unknown-elf/8.4.0/../../../../riscv64-unknown-elf/include] ==> [/usr/bin/riscv64-elf-20210120/riscv64-unknown-elf/include]
  implicit include dirs: [/usr/bin/riscv64-elf-20210120/lib/gcc/riscv64-unknown-elf/8.4.0/include;/usr/bin/riscv64-elf-20210120/lib/gcc/riscv64-unknown-elf/8.4.0/include-fixed;/usr/bin/riscv64-elf-20210120/riscv64-unknown-elf/include]


Parsed C implicit link information from above output:
  link line regex: [^( *|.*[/\])(riscv64-unknown-elf-ld|CMAKE_LINK_STARTFILE-NOTFOUND|([^/\]+-)?ld|collect2)[^/\]*( |$)]
  ignore line: [Change Dir: /home/zp/develop/BL702/RV-Debugger-BL702/build/CMakeFiles/CMakeTmp]
  ignore line: []
  ignore line: [Run Build Command(s):/usr/bin/make cmTC_d955b/fast && make[2]: Entering directory '/home/zp/develop/BL702/RV-Debugger-BL702/build/CMakeFiles/CMakeTmp']
  ignore line: [/usr/bin/make  -f CMakeFiles/cmTC_d955b.dir/build.make CMakeFiles/cmTC_d955b.dir/build]
  ignore line: [make[3]: Entering directory '/home/zp/develop/BL702/RV-Debugger-BL702/build/CMakeFiles/CMakeTmp']
  ignore line: [Building C object CMakeFiles/cmTC_d955b.dir/CMakeCCompilerABI.c.obj]
  ignore line: [/usr/bin/riscv64-elf-20210120/bin/riscv64-unknown-elf-gcc   -v -o CMakeFiles/cmTC_d955b.dir/CMakeCCompilerABI.c.obj -c /usr/bin/cmake-3.19.3-Linux-x86_64/share/cmake-3.19/Modules/CMakeCCompilerABI.c]
  ignore line: [Using built-in specs.]
  ignore line: [COLLECT_GCC=/usr/bin/riscv64-elf-20210120/bin/riscv64-unknown-elf-gcc]
  ignore line: [Target: riscv64-unknown-elf]
  ignore line: [Configured with: /ldhome/software/toolsbuild/slave2/workspace/Toolchain/release-riscv-0/build/../source/riscv/riscv-gcc/configure --target=riscv64-unknown-elf --with-mpc=/ldhome/software/toolsbuild/slave2/workspace/Toolchain/release-riscv-0/lib-for-gcc-x86_64-linux/ --with-mpfr=/ldhome/software/toolsbuild/slave2/workspace/Toolchain/release-riscv-0/lib-for-gcc-x86_64-linux/ --with-gmp=/ldhome/software/toolsbuild/slave2/workspace/Toolchain/release-riscv-0/lib-for-gcc-x86_64-linux/ --prefix=/ldhome/software/toolsbuild/slave2/workspace/Toolchain/release-riscv-0/install --disable-shared --disable-threads --enable-languages=c c++ --with-system-zlib --enable-tls --enable-libgcctf --with-newlib --with-sysroot=/ldhome/software/toolsbuild/slave2/workspace/Toolchain/release-riscv-0/install/riscv64-unknown-elf --with-native-system-header-dir=/include --disable-libmudflap --disable-libssp --disable-libquadmath --disable-libgomp --disable-nls --src=../../source/riscv/riscv-gcc --with-pkgversion='T-HEAD RISCV Tools V1.10.4 B20210120' --enable-multilib --with-abi=lp64d --with-arch=rv64gcxthead 'CFLAGS_FOR_TARGET=-Os  -mcmodel=medany' 'CXXFLAGS_FOR_TARGET=-Os  -mcmodel=medany' CC=gcc CXX=g++]
  ignore line: [Thread model: single]
  ignore line: [gcc version 8.4.0 (T-HEAD RISCV Tools V1.10.4 B20210120) ]
  ignore line: [COLLECT_GCC_OPTIONS='-v' '-o' 'CMakeFiles/cmTC_d955b.dir/CMakeCCompilerABI.c.obj' '-c' '-march=rv64gcxthead' '-mabi=lp64d']
  ignore line: [ /usr/bin/riscv64-elf-20210120/bin/../libexec/gcc/riscv64-unknown-elf/8.4.0/cc1 -quiet -v -imultilib rv64imafdcxtheadc/lp64d -iprefix /usr/bin/riscv64-elf-20210120/bin/../lib/gcc/riscv64-unknown-elf/8.4.0/ -isysroot /usr/bin/riscv64-elf-20210120/bin/../riscv64-unknown-elf /usr/bin/cmake-3.19.3-Linux-x86_64/share/cmake-3.19/Modules/CMakeCCompilerABI.c -quiet -dumpbase CMakeCCompilerABI.c -march=rv64gcxthead -mabi=lp64d -auxbase-strip CMakeFiles/cmTC_d955b.dir/CMakeCCompilerABI.c.obj -version -o /tmp/ccj3fYDK.s]
  ignore line: [GNU C17 (T-HEAD RISCV Tools V1.10.4 B20210120) version 8.4.0 (riscv64-unknown-elf)]
  ignore line: [	compiled by GNU C version 6.4.0  GMP version 6.2.0  MPFR version 4.0.2  MPC version 1.1.0  isl version none]
  ignore line: [GGC heuristics: --param ggc-min-expand=100 --param ggc-min-heapsize=131072]
  ignore line: [ignoring duplicate directory "/usr/bin/riscv64-elf-20210120/bin/../lib/gcc/../../lib/gcc/riscv64-unknown-elf/8.4.0/include"]
  ignore line: [ignoring nonexistent directory "/usr/bin/riscv64-elf-20210120/bin/../riscv64-unknown-elf/usr/local/include"]
  ignore line: [ignoring duplicate directory "/usr/bin/riscv64-elf-20210120/bin/../lib/gcc/../../lib/gcc/riscv64-unknown-elf/8.4.0/include-fixed"]
  ignore line: [ignoring duplicate directory "/usr/bin/riscv64-elf-20210120/bin/../lib/gcc/../../lib/gcc/riscv64-unknown-elf/8.4.0/../../../../riscv64-unknown-elf/include"]
  ignore line: [ignoring duplicate directory "/usr/bin/riscv64-elf-20210120/bin/../riscv64-unknown-elf/include"]
  ignore line: [#include "..." search starts here:]
  ignore line: [#include <...> search starts here:]
  ignore line: [ /usr/bin/riscv64-elf-20210120/bin/../lib/gcc/riscv64-unknown-elf/8.4.0/include]
  ignore line: [ /usr/bin/riscv64-elf-20210120/bin/../lib/gcc/riscv64-unknown-elf/8.4.0/include-fixed]
  ignore line: [ /usr/bin/riscv64-elf-20210120/bin/../lib/gcc/riscv64-unknown-elf/8.4.0/../../../../riscv64-unknown-elf/include]
  ignore line: [End of search list.]
  ignore line: [GNU C17 (T-HEAD RISCV Tools V1.10.4 B20210120) version 8.4.0 (riscv64-unknown-elf)]
  ignore line: [	compiled by GNU C version 6.4.0  GMP version 6.2.0  MPFR version 4.0.2  MPC version 1.1.0  isl version none]
  ignore line: [GGC heuristics: --param ggc-min-expand=100 --param ggc-min-heapsize=131072]
  ignore line: [Compiler executable checksum: 954e598d6cca17ebcfcc29bc4e93a260]
  ignore line: [COLLECT_GCC_OPTIONS='-v' '-o' 'CMakeFiles/cmTC_d955b.dir/CMakeCCompilerABI.c.obj' '-c' '-march=rv64gcxthead' '-mabi=lp64d']
  ignore line: [ /usr/bin/riscv64-elf-20210120/bin/../lib/gcc/riscv64-unknown-elf/8.4.0/../../../../riscv64-unknown-elf/bin/as -v --traditional-format -march=rv64gcxthead -mabi=lp64d -o CMakeFiles/cmTC_d955b.dir/CMakeCCompilerABI.c.obj /tmp/ccj3fYDK.s]
  ignore line: [GNU assembler version 2.32 (riscv64-unknown-elf) using BFD version (GNU Binutils) 2.32]
  ignore line: [COMPILER_PATH=/usr/bin/riscv64-elf-20210120/bin/../libexec/gcc/riscv64-unknown-elf/8.4.0/:/usr/bin/riscv64-elf-20210120/bin/../libexec/gcc/:/usr/bin/riscv64-elf-20210120/bin/../lib/gcc/riscv64-unknown-elf/8.4.0/../../../../riscv64-unknown-elf/bin/]
  ignore line: [LIBRARY_PATH=/usr/bin/riscv64-elf-20210120/bin/../lib/gcc/riscv64-unknown-elf/8.4.0/rv64imafdcxtheadc/lp64d/:/usr/bin/riscv64-elf-20210120/bin/../lib/gcc/riscv64-unknown-elf/8.4.0/../../../../riscv64-unknown-elf/lib/rv64imafdcxtheadc/lp64d/:/usr/bin/riscv64-elf-20210120/bin/../riscv64-unknown-elf/lib/rv64imafdcxtheadc/lp64d/:/usr/bin/riscv64-elf-20210120/bin/../lib/gcc/riscv64-unknown-elf/8.4.0/:/usr/bin/riscv64-elf-20210120/bin/../lib/gcc/:/usr/bin/riscv64-elf-20210120/bin/../lib/gcc/riscv64-unknown-elf/8.4.0/../../../../riscv64-unknown-elf/lib/:/usr/bin/riscv64-elf-20210120/bin/../riscv64-unknown-elf/lib/]
  ignore line: [COLLECT_GCC_OPTIONS='-v' '-o' 'CMakeFiles/cmTC_d955b.dir/CMakeCCompilerABI.c.obj' '-c' '-march=rv64gcxthead' '-mabi=lp64d']
  ignore line: [Linking C executable cmTC_d955b]
  ignore line: [/usr/bin/cmake-3.19.3-Linux-x86_64/bin/cmake -E cmake_link_script CMakeFiles/cmTC_d955b.dir/link.txt --verbose=1]
  ignore line: [/usr/bin/riscv64-elf-20210120/bin/riscv64-unknown-elf-gcc  -v CMakeFiles/cmTC_d955b.dir/CMakeCCompilerABI.c.obj -o cmTC_d955b ]
  ignore line: [Using built-in specs.]
  ignore line: [COLLECT_GCC=/usr/bin/riscv64-elf-20210120/bin/riscv64-unknown-elf-gcc]
  ignore line: [COLLECT_LTO_WRAPPER=/usr/bin/riscv64-elf-20210120/bin/../libexec/gcc/riscv64-unknown-elf/8.4.0/lto-wrapper]
  ignore line: [Target: riscv64-unknown-elf]
  ignore line: [Configured with: /ldhome/software/toolsbuild/slave2/workspace/Toolchain/release-riscv-0/build/../source/riscv/riscv-gcc/configure --target=riscv64-unknown-elf --with-mpc=/ldhome/software/toolsbuild/slave2/workspace/Toolchain/release-riscv-0/lib-for-gcc-x86_64-linux/ --with-mpfr=/ldhome/software/toolsbuild/slave2/workspace/Toolchain/release-riscv-0/lib-for-gcc-x86_64-linux/ --with-gmp=/ldhome/software/toolsbuild/slave2/workspace/Toolchain/release-riscv-0/lib-for-gcc-x86_64-linux/ --prefix=/ldhome/software/toolsbuild/slave2/workspace/Toolchain/release-riscv-0/install --disable-shared --disable-threads --enable-languages=c c++ --with-system-zlib --enable-tls --enable-libgcctf --with-newlib --with-sysroot=/ldhome/software/toolsbuild/slave2/workspace/Toolchain/release-riscv-0/install/riscv64-unknown-elf --with-native-system-header-dir=/include --disable-libmudflap --disable-libssp --disable-libquadmath --disable-libgomp --disable-nls --src=../../source/riscv/riscv-gcc --with-pkgversion='T-HEAD RISCV Tools V1.10.4 B20210120' --enable-multilib --with-abi=lp64d --with-arch=rv64gcxthead 'CFLAGS_FOR_TARGET=-Os  -mcmodel=medany' 'CXXFLAGS_FOR_TARGET=-Os  -mcmodel=medany' CC=gcc CXX=g++]
  ignore line: [Thread model: single]
  ignore line: [gcc version 8.4.0 (T-HEAD RISCV Tools V1.10.4 B20210120) ]
  ignore line: [COMPILER_PATH=/usr/bin/riscv64-elf-20210120/bin/../libexec/gcc/riscv64-unknown-elf/8.4.0/:/usr/bin/riscv64-elf-20210120/bin/../libexec/gcc/:/usr/bin/riscv64-elf-20210120/bin/../lib/gcc/riscv64-unknown-elf/8.4.0/../../../../riscv64-unknown-elf/bin/]
  ignore line: [LIBRARY_PATH=/usr/bin/riscv64-elf-20210120/bin/../lib/gcc/riscv64-unknown-elf/8.4.0/rv64imafdcxtheadc/lp64d/:/usr/bin/riscv64-elf-20210120/bin/../lib/gcc/riscv64-unknown-elf/8.4.0/../../../../riscv64-unknown-elf/lib/rv64imafdcxtheadc/lp64d/:/usr/bin/riscv64-elf-20210120/bin/../riscv64-unknown-elf/lib/rv64imafdcxtheadc/lp64d/:/usr/bin/riscv64-elf-20210120/bin/../lib/gcc/riscv64-unknown-elf/8.4.0/:/usr/bin/riscv64-elf-20210120/bin/../lib/gcc/:/usr/bin/riscv64-elf-20210120/bin/../lib/gcc/riscv64-unknown-elf/8.4.0/../../../../riscv64-unknown-elf/lib/:/usr/bin/riscv64-elf-20210120/bin/../riscv64-unknown-elf/lib/]
  ignore line: [COLLECT_GCC_OPTIONS='-v' '-o' 'cmTC_d955b' '-march=rv64gcxthead' '-mabi=lp64d']
  link line: [ /usr/bin/riscv64-elf-20210120/bin/../libexec/gcc/riscv64-unknown-elf/8.4.0/collect2 -plugin /usr/bin/riscv64-elf-20210120/bin/../libexec/gcc/riscv64-unknown-elf/8.4.0/liblto_plugin.so -plugin-opt=/usr/bin/riscv64-elf-20210120/bin/../libexec/gcc/riscv64-unknown-elf/8.4.0/lto-wrapper -plugin-opt=-fresolution=/tmp/ccNvq9iN.res -plugin-opt=-pass-through=-lgcc -plugin-opt=-pass-through=-lc -plugin-opt=-pass-through=-lgloss -plugin-opt=-pass-through=-lgcc --sysroot=/usr/bin/riscv64-elf-20210120/bin/../riscv64-unknown-elf -melf64lriscv -o cmTC_d955b /usr/bin/riscv64-elf-20210120/bin/../lib/gcc/riscv64-unknown-elf/8.4.0/../../../../riscv64-unknown-elf/lib/rv64imafdcxtheadc/lp64d/crt0.o /usr/bin/riscv64-elf-20210120/bin/../lib/gcc/riscv64-unknown-elf/8.4.0/rv64imafdcxtheadc/lp64d/crtbegin.o -L/usr/bin/riscv64-elf-20210120/bin/../lib/gcc/riscv64-unknown-elf/8.4.0/rv64imafdcxtheadc/lp64d -L/usr/bin/riscv64-elf-20210120/bin/../lib/gcc/riscv64-unknown-elf/8.4.0/../../../../riscv64-unknown-elf/lib/rv64imafdcxtheadc/lp64d -L/usr/bin/riscv64-elf-20210120/bin/../riscv64-unknown-elf/lib/rv64imafdcxtheadc/lp64d -L/usr/bin/riscv64-elf-20210120/bin/../lib/gcc/riscv64-unknown-elf/8.4.0 -L/usr/bin/riscv64-elf-20210120/bin/../lib/gcc -L/usr/bin/riscv64-elf-20210120/bin/../lib/gcc/riscv64-unknown-elf/8.4.0/../../../../riscv64-unknown-elf/lib -L/usr/bin/riscv64-elf-20210120/bin/../riscv64-unknown-elf/lib CMakeFiles/cmTC_d955b.dir/CMakeCCompilerABI.c.obj -lgcc --start-group -lc -lgloss --end-group -lgcc /usr/bin/riscv64-elf-20210120/bin/../lib/gcc/riscv64-unknown-elf/8.4.0/rv64imafdcxtheadc/lp64d/crtend.o]
    arg [/usr/bin/riscv64-elf-20210120/bin/../libexec/gcc/riscv64-unknown-elf/8.4.0/collect2] ==> ignore
    arg [-plugin] ==> ignore
    arg [/usr/bin/riscv64-elf-20210120/bin/../libexec/gcc/riscv64-unknown-elf/8.4.0/liblto_plugin.so] ==> ignore
    arg [-plugin-opt=/usr/bin/riscv64-elf-20210120/bin/../libexec/gcc/riscv64-unknown-elf/8.4.0/lto-wrapper] ==> ignore
    arg [-plugin-opt=-fresolution=/tmp/ccNvq9iN.res] ==> ignore
    arg [-plugin-opt=-pass-through=-lgcc] ==> ignore
    arg [-plugin-opt=-pass-through=-lc] ==> ignore
    arg [-plugin-opt=-pass-through=-lgloss] ==> ignore
    arg [-plugin-opt=-pass-through=-lgcc] ==> ignore
    arg [--sysroot=/usr/bin/riscv64-elf-20210120/bin/../riscv64-unknown-elf] ==> ignore
    arg [-melf64lriscv] ==> ignore
    arg [-o] ==> ignore
    arg [cmTC_d955b] ==> ignore
    arg [/usr/bin/riscv64-elf-20210120/bin/../lib/gcc/riscv64-unknown-elf/8.4.0/../../../../riscv64-unknown-elf/lib/rv64imafdcxtheadc/lp64d/crt0.o] ==> ignore
    arg [/usr/bin/riscv64-elf-20210120/bin/../lib/gcc/riscv64-unknown-elf/8.4.0/rv64imafdcxtheadc/lp64d/crtbegin.o] ==> ignore
    arg [-L/usr/bin/riscv64-elf-20210120/bin/../lib/gcc/riscv64-unknown-elf/8.4.0/rv64imafdcxtheadc/lp64d] ==> dir [/usr/bin/riscv64-elf-20210120/bin/../lib/gcc/riscv64-unknown-elf/8.4.0/rv64imafdcxtheadc/lp64d]
    arg [-L/usr/bin/riscv64-elf-20210120/bin/../lib/gcc/riscv64-unknown-elf/8.4.0/../../../../riscv64-unknown-elf/lib/rv64imafdcxtheadc/lp64d] ==> dir [/usr/bin/riscv64-elf-20210120/bin/../lib/gcc/riscv64-unknown-elf/8.4.0/../../../../riscv64-unknown-elf/lib/rv64imafdcxtheadc/lp64d]
    arg [-L/usr/bin/riscv64-elf-20210120/bin/../riscv64-unknown-elf/lib/rv64imafdcxtheadc/lp64d] ==> dir [/usr/bin/riscv64-elf-20210120/bin/../riscv64-unknown-elf/lib/rv64imafdcxtheadc/lp64d]
    arg [-L/usr/bin/riscv64-elf-20210120/bin/../lib/gcc/riscv64-unknown-elf/8.4.0] ==> dir [/usr/bin/riscv64-elf-20210120/bin/../lib/gcc/riscv64-unknown-elf/8.4.0]
    arg [-L/usr/bin/riscv64-elf-20210120/bin/../lib/gcc] ==> dir [/usr/bin/riscv64-elf-20210120/bin/../lib/gcc]
    arg [-L/usr/bin/riscv64-elf-20210120/bin/../lib/gcc/riscv64-unknown-elf/8.4.0/../../../../riscv64-unknown-elf/lib] ==> dir [/usr/bin/riscv64-elf-20210120/bin/../lib/gcc/riscv64-unknown-elf/8.4.0/../../../../riscv64-unknown-elf/lib]
    arg [-L/usr/bin/riscv64-elf-20210120/bin/../riscv64-unknown-elf/lib] ==> dir [/usr/bin/riscv64-elf-20210120/bin/../riscv64-unknown-elf/lib]
    arg [CMakeFiles/cmTC_d955b.dir/CMakeCCompilerABI.c.obj] ==> ignore
    arg [-lgcc] ==> lib [gcc]
    arg [--start-group] ==> ignore
    arg [-lc] ==> lib [c]
    arg [-lgloss] ==> lib [gloss]
    arg [--end-group] ==> ignore
    arg [-lgcc] ==> lib [gcc]
    arg [/usr/bin/riscv64-elf-20210120/bin/../lib/gcc/riscv64-unknown-elf/8.4.0/rv64imafdcxtheadc/lp64d/crtend.o] ==> ignore
  collapse library dir [/usr/bin/riscv64-elf-20210120/bin/../lib/gcc/riscv64-unknown-elf/8.4.0/rv64imafdcxtheadc/lp64d] ==> [/usr/bin/riscv64-elf-20210120/lib/gcc/riscv64-unknown-elf/8.4.0/rv64imafdcxtheadc/lp64d]
  collapse library dir [/usr/bin/riscv64-elf-20210120/bin/../lib/gcc/riscv64-unknown-elf/8.4.0/../../../../riscv64-unknown-elf/lib/rv64imafdcxtheadc/lp64d] ==> [/usr/bin/riscv64-elf-20210120/riscv64-unknown-elf/lib/rv64imafdcxtheadc/lp64d]
  collapse library dir [/usr/bin/riscv64-elf-20210120/bin/../riscv64-unknown-elf/lib/rv64imafdcxtheadc/lp64d] ==> [/usr/bin/riscv64-elf-20210120/riscv64-unknown-elf/lib/rv64imafdcxtheadc/lp64d]
  collapse library dir [/usr/bin/riscv64-elf-20210120/bin/../lib/gcc/riscv64-unknown-elf/8.4.0] ==> [/usr/bin/riscv64-elf-20210120/lib/gcc/riscv64-unknown-elf/8.4.0]
  collapse library dir [/usr/bin/riscv64-elf-20210120/bin/../lib/gcc] ==> [/usr/bin/riscv64-elf-20210120/lib/gcc]
  collapse library dir [/usr/bin/riscv64-elf-20210120/bin/../lib/gcc/riscv64-unknown-elf/8.4.0/../../../../riscv64-unknown-elf/lib] ==> [/usr/bin/riscv64-elf-20210120/riscv64-unknown-elf/lib]
  collapse library dir [/usr/bin/riscv64-elf-20210120/bin/../riscv64-unknown-elf/lib] ==> [/usr/bin/riscv64-elf-20210120/riscv64-unknown-elf/lib]
  implicit libs: [gcc;c;gloss;gcc]
  implicit dirs: [/usr/bin/riscv64-elf-20210120/lib/gcc/riscv64-unknown-elf/8.4.0/rv64imafdcxtheadc/lp64d;/usr/bin/riscv64-elf-20210120/riscv64-unknown-elf/lib/rv64imafdcxtheadc/lp64d;/usr/bin/riscv64-elf-20210120/lib/gcc/riscv64-unknown-elf/8.4.0;/usr/bin/riscv64-elf-20210120/lib/gcc;/usr/bin/riscv64-elf-20210120/riscv64-unknown-elf/lib]
  implicit fwks: []


Detecting CXX compiler ABI info compiled with the following output:
Change Dir: /home/zp/develop/BL702/RV-Debugger-BL702/build/CMakeFiles/CMakeTmp

Run Build Command(s):/usr/bin/make cmTC_5eadc/fast && make[2]: Entering directory '/home/zp/develop/BL702/RV-Debugger-BL702/build/CMakeFiles/CMakeTmp'
/usr/bin/make  -f CMakeFiles/cmTC_5eadc.dir/build.make CMakeFiles/cmTC_5eadc.dir/build
make[3]: Entering directory '/home/zp/develop/BL702/RV-Debugger-BL702/build/CMakeFiles/CMakeTmp'
Building CXX object CMakeFiles/cmTC_5eadc.dir/CMakeCXXCompilerABI.cpp.obj
/usr/bin/riscv64-elf-20210120/bin/riscv64-unknown-elf-g++   -v -o CMakeFiles/cmTC_5eadc.dir/CMakeCXXCompilerABI.cpp.obj -c /usr/bin/cmake-3.19.3-Linux-x86_64/share/cmake-3.19/Modules/CMakeCXXCompilerABI.cpp
Using built-in specs.
COLLECT_GCC=/usr/bin/riscv64-elf-20210120/bin/riscv64-unknown-elf-g++
Target: riscv64-unknown-elf
Configured with: /ldhome/software/toolsbuild/slave2/workspace/Toolchain/release-riscv-0/build/../source/riscv/riscv-gcc/configure --target=riscv64-unknown-elf --with-mpc=/ldhome/software/toolsbuild/slave2/workspace/Toolchain/release-riscv-0/lib-for-gcc-x86_64-linux/ --with-mpfr=/ldhome/software/toolsbuild/slave2/workspace/Toolchain/release-riscv-0/lib-for-gcc-x86_64-linux/ --with-gmp=/ldhome/software/toolsbuild/slave2/workspace/Toolchain/release-riscv-0/lib-for-gcc-x86_64-linux/ --prefix=/ldhome/software/toolsbuild/slave2/workspace/Toolchain/release-riscv-0/install --disable-shared --disable-threads --enable-languages=c,c++ --with-system-zlib --enable-tls --enable-libgcctf --with-newlib --with-sysroot=/ldhome/software/toolsbuild/slave2/workspace/Toolchain/release-riscv-0/install/riscv64-unknown-elf --with-native-system-header-dir=/include --disable-libmudflap --disable-libssp --disable-libquadmath --disable-libgomp --disable-nls --src=../../source/riscv/riscv-gcc --with-pkgversion='T-HEAD RISCV Tools V1.10.4 B20210120' --enable-multilib --with-abi=lp64d --with-arch=rv64gcxthead 'CFLAGS_FOR_TARGET=-Os  -mcmodel=medany' 'CXXFLAGS_FOR_TARGET=-Os  -mcmodel=medany' CC=gcc CXX=g++
Thread model: single
gcc version 8.4.0 (T-HEAD RISCV Tools V1.10.4 B20210120) 
COLLECT_GCC_OPTIONS='-v' '-o' 'CMakeFiles/cmTC_5eadc.dir/CMakeCXXCompilerABI.cpp.obj' '-c' '-march=rv64gcxthead' '-mabi=lp64d'
 /usr/bin/riscv64-elf-20210120/bin/../libexec/gcc/riscv64-unknown-elf/8.4.0/cc1plus -quiet -v -imultilib rv64imafdcxtheadc/lp64d -iprefix /usr/bin/riscv64-elf-20210120/bin/../lib/gcc/riscv64-unknown-elf/8.4.0/ -isysroot /usr/bin/riscv64-elf-20210120/bin/../riscv64-unknown-elf /usr/bin/cmake-3.19.3-Linux-x86_64/share/cmake-3.19/Modules/CMakeCXXCompilerABI.cpp -quiet -dumpbase CMakeCXXCompilerABI.cpp -march=rv64gcxthead -mabi=lp64d -auxbase-strip CMakeFiles/cmTC_5eadc.dir/CMakeCXXCompilerABI.cpp.obj -version -o /tmp/ccxDyyiO.s
GNU C++14 (T-HEAD RISCV Tools V1.10.4 B20210120) version 8.4.0 (riscv64-unknown-elf)
	compiled by GNU C version 6.4.0, GMP version 6.2.0, MPFR version 4.0.2, MPC version 1.1.0, isl version none
GGC heuristics: --param ggc-min-expand=100 --param ggc-min-heapsize=131072
ignoring duplicate directory "/usr/bin/riscv64-elf-20210120/bin/../lib/gcc/../../lib/gcc/riscv64-unknown-elf/8.4.0/../../../../riscv64-unknown-elf/include/c++/8.4.0"
ignoring duplicate directory "/usr/bin/riscv64-elf-20210120/bin/../lib/gcc/../../lib/gcc/riscv64-unknown-elf/8.4.0/../../../../riscv64-unknown-elf/include/c++/8.4.0/riscv64-unknown-elf/rv64imafdcxtheadc/lp64d"
ignoring duplicate directory "/usr/bin/riscv64-elf-20210120/bin/../lib/gcc/../../lib/gcc/riscv64-unknown-elf/8.4.0/../../../../riscv64-unknown-elf/include/c++/8.4.0/backward"
ignoring duplicate directory "/usr/bin/riscv64-elf-20210120/bin/../lib/gcc/../../lib/gcc/riscv64-unknown-elf/8.4.0/include"
ignoring nonexistent directory "/usr/bin/riscv64-elf-20210120/bin/../riscv64-unknown-elf/usr/local/include"
ignoring duplicate directory "/usr/bin/riscv64-elf-20210120/bin/../lib/gcc/../../lib/gcc/riscv64-unknown-elf/8.4.0/include-fixed"
ignoring duplicate directory "/usr/bin/riscv64-elf-20210120/bin/../lib/gcc/../../lib/gcc/riscv64-unknown-elf/8.4.0/../../../../riscv64-unknown-elf/include"
ignoring duplicate directory "/usr/bin/riscv64-elf-20210120/bin/../riscv64-unknown-elf/include"
#include "..." search starts here:
#include <...> search starts here:
 /usr/bin/riscv64-elf-20210120/bin/../lib/gcc/riscv64-unknown-elf/8.4.0/../../../../riscv64-unknown-elf/include/c++/8.4.0
 /usr/bin/riscv64-elf-20210120/bin/../lib/gcc/riscv64-unknown-elf/8.4.0/../../../../riscv64-unknown-elf/include/c++/8.4.0/riscv64-unknown-elf/rv64imafdcxtheadc/lp64d
 /usr/bin/riscv64-elf-20210120/bin/../lib/gcc/riscv64-unknown-elf/8.4.0/../../../../riscv64-unknown-elf/include/c++/8.4.0/backward
 /usr/bin/riscv64-elf-20210120/bin/../lib/gcc/riscv64-unknown-elf/8.4.0/include
 /usr/bin/riscv64-elf-20210120/bin/../lib/gcc/riscv64-unknown-elf/8.4.0/include-fixed
 /usr/bin/riscv64-elf-20210120/bin/../lib/gcc/riscv64-unknown-elf/8.4.0/../../../../riscv64-unknown-elf/include
End of search list.
GNU C++14 (T-HEAD RISCV Tools V1.10.4 B20210120) version 8.4.0 (riscv64-unknown-elf)
	compiled by GNU C version 6.4.0, GMP version 6.2.0, MPFR version 4.0.2, MPC version 1.1.0, isl version none
GGC heuristics: --param ggc-min-expand=100 --param ggc-min-heapsize=131072
Compiler executable checksum: 50dbd241eaf8fac14b1ce562e319589a
COLLECT_GCC_OPTIONS='-v' '-o' 'CMakeFiles/cmTC_5eadc.dir/CMakeCXXCompilerABI.cpp.obj' '-c' '-march=rv64gcxthead' '-mabi=lp64d'
 /usr/bin/riscv64-elf-20210120/bin/../lib/gcc/riscv64-unknown-elf/8.4.0/../../../../riscv64-unknown-elf/bin/as -v --traditional-format -march=rv64gcxthead -mabi=lp64d -o CMakeFiles/cmTC_5eadc.dir/CMakeCXXCompilerABI.cpp.obj /tmp/ccxDyyiO.s
GNU assembler version 2.32 (riscv64-unknown-elf) using BFD version (GNU Binutils) 2.32
COMPILER_PATH=/usr/bin/riscv64-elf-20210120/bin/../libexec/gcc/riscv64-unknown-elf/8.4.0/:/usr/bin/riscv64-elf-20210120/bin/../libexec/gcc/:/usr/bin/riscv64-elf-20210120/bin/../lib/gcc/riscv64-unknown-elf/8.4.0/../../../../riscv64-unknown-elf/bin/
LIBRARY_PATH=/usr/bin/riscv64-elf-20210120/bin/../lib/gcc/riscv64-unknown-elf/8.4.0/rv64imafdcxtheadc/lp64d/:/usr/bin/riscv64-elf-20210120/bin/../lib/gcc/riscv64-unknown-elf/8.4.0/../../../../riscv64-unknown-elf/lib/rv64imafdcxtheadc/lp64d/:/usr/bin/riscv64-elf-20210120/bin/../riscv64-unknown-elf/lib/rv64imafdcxtheadc/lp64d/:/usr/bin/riscv64-elf-20210120/bin/../lib/gcc/riscv64-unknown-elf/8.4.0/:/usr/bin/riscv64-elf-20210120/bin/../lib/gcc/:/usr/bin/riscv64-elf-20210120/bin/../lib/gcc/riscv64-unknown-elf/8.4.0/../../../../riscv64-unknown-elf/lib/:/usr/bin/riscv64-elf-20210120/bin/../riscv64-unknown-elf/lib/
COLLECT_GCC_OPTIONS='-v' '-o' 'CMakeFiles/cmTC_5eadc.dir/CMakeCXXCompilerABI.cpp.obj' '-c' '-march=rv64gcxthead' '-mabi=lp64d'
Linking CXX executable cmTC_5eadc
/usr/bin/cmake-3.19.3-Linux-x86_64/bin/cmake -E cmake_link_script CMakeFiles/cmTC_5eadc.dir/link.txt --verbose=1
/usr/bin/riscv64-elf-20210120/bin/riscv64-unknown-elf-g++  -v CMakeFiles/cmTC_5eadc.dir/CMakeCXXCompilerABI.cpp.obj -o cmTC_5eadc 
Using built-in specs.
COLLECT_GCC=/usr/bin/riscv64-elf-20210120/bin/riscv64-unknown-elf-g++
COLLECT_LTO_WRAPPER=/usr/bin/riscv64-elf-20210120/bin/../libexec/gcc/riscv64-unknown-elf/8.4.0/lto-wrapper
Target: riscv64-unknown-elf
Configured with: /ldhome/software/toolsbuild/slave2/workspace/Toolchain/release-riscv-0/build/../source/riscv/riscv-gcc/configure --target=riscv64-unknown-elf --with-mpc=/ldhome/software/toolsbuild/slave2/workspace/Toolchain/release-riscv-0/lib-for-gcc-x86_64-linux/ --with-mpfr=/ldhome/software/toolsbuild/slave2/workspace/Toolchain/release-riscv-0/lib-for-gcc-x86_64-linux/ --with-gmp=/ldhome/software/toolsbuild/slave2/workspace/Toolchain/release-riscv-0/lib-for-gcc-x86_64-linux/ --prefix=/ldhome/software/toolsbuild/slave2/workspace/Toolchain/release-riscv-0/install --disable-shared --disable-threads --enable-languages=c,c++ --with-system-zlib --enable-tls --enable-libgcctf --with-newlib --with-sysroot=/ldhome/software/toolsbuild/slave2/workspace/Toolchain/release-riscv-0/install/riscv64-unknown-elf --with-native-system-header-dir=/include --disable-libmudflap --disable-libssp --disable-libquadmath --disable-libgomp --disable-nls --src=../../source/riscv/riscv-gcc --with-pkgversion='T-HEAD RISCV Tools V1.10.4 B20210120' --enable-multilib --with-abi=lp64d --with-arch=rv64gcxthead 'CFLAGS_FOR_TARGET=-Os  -mcmodel=medany' 'CXXFLAGS_FOR_TARGET=-Os  -mcmodel=medany' CC=gcc CXX=g++
Thread model: single
gcc version 8.4.0 (T-HEAD RISCV Tools V1.10.4 B20210120) 
COMPILER_PATH=/usr/bin/riscv64-elf-20210120/bin/../libexec/gcc/riscv64-unknown-elf/8.4.0/:/usr/bin/riscv64-elf-20210120/bin/../libexec/gcc/:/usr/bin/riscv64-elf-20210120/bin/../lib/gcc/riscv64-unknown-elf/8.4.0/../../../../riscv64-unknown-elf/bin/
LIBRARY_PATH=/usr/bin/riscv64-elf-20210120/bin/../lib/gcc/riscv64-unknown-elf/8.4.0/rv64imafdcxtheadc/lp64d/:/usr/bin/riscv64-elf-20210120/bin/../lib/gcc/riscv64-unknown-elf/8.4.0/../../../../riscv64-unknown-elf/lib/rv64imafdcxtheadc/lp64d/:/usr/bin/riscv64-elf-20210120/bin/../riscv64-unknown-elf/lib/rv64imafdcxtheadc/lp64d/:/usr/bin/riscv64-elf-20210120/bin/../lib/gcc/riscv64-unknown-elf/8.4.0/:/usr/bin/riscv64-elf-20210120/bin/../lib/gcc/:/usr/bin/riscv64-elf-20210120/bin/../lib/gcc/riscv64-unknown-elf/8.4.0/../../../../riscv64-unknown-elf/lib/:/usr/bin/riscv64-elf-20210120/bin/../riscv64-unknown-elf/lib/
COLLECT_GCC_OPTIONS='-v' '-o' 'cmTC_5eadc' '-march=rv64gcxthead' '-mabi=lp64d'
 /usr/bin/riscv64-elf-20210120/bin/../libexec/gcc/riscv64-unknown-elf/8.4.0/collect2 -plugin /usr/bin/riscv64-elf-20210120/bin/../libexec/gcc/riscv64-unknown-elf/8.4.0/liblto_plugin.so -plugin-opt=/usr/bin/riscv64-elf-20210120/bin/../libexec/gcc/riscv64-unknown-elf/8.4.0/lto-wrapper -plugin-opt=-fresolution=/tmp/ccX5jlJU.res -plugin-opt=-pass-through=-lgcc -plugin-opt=-pass-through=-lc -plugin-opt=-pass-through=-lgloss -plugin-opt=-pass-through=-lgcc --sysroot=/usr/bin/riscv64-elf-20210120/bin/../riscv64-unknown-elf -melf64lriscv -o cmTC_5eadc /usr/bin/riscv64-elf-20210120/bin/../lib/gcc/riscv64-unknown-elf/8.4.0/../../../../riscv64-unknown-elf/lib/rv64imafdcxtheadc/lp64d/crt0.o /usr/bin/riscv64-elf-20210120/bin/../lib/gcc/riscv64-unknown-elf/8.4.0/rv64imafdcxtheadc/lp64d/crtbegin.o -L/usr/bin/riscv64-elf-20210120/bin/../lib/gcc/riscv64-unknown-elf/8.4.0/rv64imafdcxtheadc/lp64d -L/usr/bin/riscv64-elf-20210120/bin/../lib/gcc/riscv64-unknown-elf/8.4.0/../../../../riscv64-unknown-elf/lib/rv64imafdcxtheadc/lp64d -L/usr/bin/riscv64-elf-20210120/bin/../riscv64-unknown-elf/lib/rv64imafdcxtheadc/lp64d -L/usr/bin/riscv64-elf-20210120/bin/../lib/gcc/riscv64-unknown-elf/8.4.0 -L/usr/bin/riscv64-elf-20210120/bin/../lib/gcc -L/usr/bin/riscv64-elf-20210120/bin/../lib/gcc/riscv64-unknown-elf/8.4.0/../../../../riscv64-unknown-elf/lib -L/usr/bin/riscv64-elf-20210120/bin/../riscv64-unknown-elf/lib CMakeFiles/cmTC_5eadc.dir/CMakeCXXCompilerABI.cpp.obj -lstdc++ -lm -lgcc --start-group -lc -lgloss --end-group -lgcc /usr/bin/riscv64-elf-20210120/bin/../lib/gcc/riscv64-unknown-elf/8.4.0/rv64imafdcxtheadc/lp64d/crtend.o
COLLECT_GCC_OPTIONS='-v' '-o' 'cmTC_5eadc' '-march=rv64gcxthead' '-mabi=lp64d'
make[3]: Leaving directory '/home/zp/develop/BL702/RV-Debugger-BL702/build/CMakeFiles/CMakeTmp'
make[2]: Leaving directory '/home/zp/develop/BL702/RV-Debugger-BL702/build/CMakeFiles/CMakeTmp'



Parsed CXX implicit include dir info from above output: rv=done
  found start of include info
  found start of implicit include info
    add: [/usr/bin/riscv64-elf-20210120/bin/../lib/gcc/riscv64-unknown-elf/8.4.0/../../../../riscv64-unknown-elf/include/c++/8.4.0]
    add: [/usr/bin/riscv64-elf-20210120/bin/../lib/gcc/riscv64-unknown-elf/8.4.0/../../../../riscv64-unknown-elf/include/c++/8.4.0/riscv64-unknown-elf/rv64imafdcxtheadc/lp64d]
    add: [/usr/bin/riscv64-elf-20210120/bin/../lib/gcc/riscv64-unknown-elf/8.4.0/../../../../riscv64-unknown-elf/include/c++/8.4.0/backward]
    add: [/usr/bin/riscv64-elf-20210120/bin/../lib/gcc/riscv64-unknown-elf/8.4.0/include]
    add: [/usr/bin/riscv64-elf-20210120/bin/../lib/gcc/riscv64-unknown-elf/8.4.0/include-fixed]
    add: [/usr/bin/riscv64-elf-20210120/bin/../lib/gcc/riscv64-unknown-elf/8.4.0/../../../../riscv64-unknown-elf/include]
  end of search list found
  collapse include dir [/usr/bin/riscv64-elf-20210120/bin/../lib/gcc/riscv64-unknown-elf/8.4.0/../../../../riscv64-unknown-elf/include/c++/8.4.0] ==> [/usr/bin/riscv64-elf-20210120/riscv64-unknown-elf/include/c++/8.4.0]
  collapse include dir [/usr/bin/riscv64-elf-20210120/bin/../lib/gcc/riscv64-unknown-elf/8.4.0/../../../../riscv64-unknown-elf/include/c++/8.4.0/riscv64-unknown-elf/rv64imafdcxtheadc/lp64d] ==> [/usr/bin/riscv64-elf-20210120/riscv64-unknown-elf/include/c++/8.4.0/riscv64-unknown-elf/rv64imafdcxtheadc/lp64d]
  collapse include dir [/usr/bin/riscv64-elf-20210120/bin/../lib/gcc/riscv64-unknown-elf/8.4.0/../../../../riscv64-unknown-elf/include/c++/8.4.0/backward] ==> [/usr/bin/riscv64-elf-20210120/riscv64-unknown-elf/include/c++/8.4.0/backward]
  collapse include dir [/usr/bin/riscv64-elf-20210120/bin/../lib/gcc/riscv64-unknown-elf/8.4.0/include] ==> [/usr/bin/riscv64-elf-20210120/lib/gcc/riscv64-unknown-elf/8.4.0/include]
  collapse include dir [/usr/bin/riscv64-elf-20210120/bin/../lib/gcc/riscv64-unknown-elf/8.4.0/include-fixed] ==> [/usr/bin/riscv64-elf-20210120/lib/gcc/riscv64-unknown-elf/8.4.0/include-fixed]
  collapse include dir [/usr/bin/riscv64-elf-20210120/bin/../lib/gcc/riscv64-unknown-elf/8.4.0/../../../../riscv64-unknown-elf/include] ==> [/usr/bin/riscv64-elf-20210120/riscv64-unknown-elf/include]
  implicit include dirs: [/usr/bin/riscv64-elf-20210120/riscv64-unknown-elf/include/c++/8.4.0;/usr/bin/riscv64-elf-20210120/riscv64-unknown-elf/include/c++/8.4.0/riscv64-unknown-elf/rv64imafdcxtheadc/lp64d;/usr/bin/riscv64-elf-20210120/riscv64-unknown-elf/include/c++/8.4.0/backward;/usr/bin/riscv64-elf-20210120/lib/gcc/riscv64-unknown-elf/8.4.0/include;/usr/bin/riscv64-elf-20210120/lib/gcc/riscv64-unknown-elf/8.4.0/include-fixed;/usr/bin/riscv64-elf-20210120/riscv64-unknown-elf/include]


Parsed CXX implicit link information from above output:
  link line regex: [^( *|.*[/\])(riscv64-unknown-elf-ld|CMAKE_LINK_STARTFILE-NOTFOUND|([^/\]+-)?ld|collect2)[^/\]*( |$)]
  ignore line: [Change Dir: /home/zp/develop/BL702/RV-Debugger-BL702/build/CMakeFiles/CMakeTmp]
  ignore line: []
  ignore line: [Run Build Command(s):/usr/bin/make cmTC_5eadc/fast && make[2]: Entering directory '/home/zp/develop/BL702/RV-Debugger-BL702/build/CMakeFiles/CMakeTmp']
  ignore line: [/usr/bin/make  -f CMakeFiles/cmTC_5eadc.dir/build.make CMakeFiles/cmTC_5eadc.dir/build]
  ignore line: [make[3]: Entering directory '/home/zp/develop/BL702/RV-Debugger-BL702/build/CMakeFiles/CMakeTmp']
  ignore line: [Building CXX object CMakeFiles/cmTC_5eadc.dir/CMakeCXXCompilerABI.cpp.obj]
  ignore line: [/usr/bin/riscv64-elf-20210120/bin/riscv64-unknown-elf-g++   -v -o CMakeFiles/cmTC_5eadc.dir/CMakeCXXCompilerABI.cpp.obj -c /usr/bin/cmake-3.19.3-Linux-x86_64/share/cmake-3.19/Modules/CMakeCXXCompilerABI.cpp]
  ignore line: [Using built-in specs.]
  ignore line: [COLLECT_GCC=/usr/bin/riscv64-elf-20210120/bin/riscv64-unknown-elf-g++]
  ignore line: [Target: riscv64-unknown-elf]
  ignore line: [Configured with: /ldhome/software/toolsbuild/slave2/workspace/Toolchain/release-riscv-0/build/../source/riscv/riscv-gcc/configure --target=riscv64-unknown-elf --with-mpc=/ldhome/software/toolsbuild/slave2/workspace/Toolchain/release-riscv-0/lib-for-gcc-x86_64-linux/ --with-mpfr=/ldhome/software/toolsbuild/slave2/workspace/Toolchain/release-riscv-0/lib-for-gcc-x86_64-linux/ --with-gmp=/ldhome/software/toolsbuild/slave2/workspace/Toolchain/release-riscv-0/lib-for-gcc-x86_64-linux/ --prefix=/ldhome/software/toolsbuild/slave2/workspace/Toolchain/release-riscv-0/install --disable-shared --disable-threads --enable-languages=c c++ --with-system-zlib --enable-tls --enable-libgcctf --with-newlib --with-sysroot=/ldhome/software/toolsbuild/slave2/workspace/Toolchain/release-riscv-0/install/riscv64-unknown-elf --with-native-system-header-dir=/include --disable-libmudflap --disable-libssp --disable-libquadmath --disable-libgomp --disable-nls --src=../../source/riscv/riscv-gcc --with-pkgversion='T-HEAD RISCV Tools V1.10.4 B20210120' --enable-multilib --with-abi=lp64d --with-arch=rv64gcxthead 'CFLAGS_FOR_TARGET=-Os  -mcmodel=medany' 'CXXFLAGS_FOR_TARGET=-Os  -mcmodel=medany' CC=gcc CXX=g++]
  ignore line: [Thread model: single]
  ignore line: [gcc version 8.4.0 (T-HEAD RISCV Tools V1.10.4 B20210120) ]
  ignore line: [COLLECT_GCC_OPTIONS='-v' '-o' 'CMakeFiles/cmTC_5eadc.dir/CMakeCXXCompilerABI.cpp.obj' '-c' '-march=rv64gcxthead' '-mabi=lp64d']
  ignore line: [ /usr/bin/riscv64-elf-20210120/bin/../libexec/gcc/riscv64-unknown-elf/8.4.0/cc1plus -quiet -v -imultilib rv64imafdcxtheadc/lp64d -iprefix /usr/bin/riscv64-elf-20210120/bin/../lib/gcc/riscv64-unknown-elf/8.4.0/ -isysroot /usr/bin/riscv64-elf-20210120/bin/../riscv64-unknown-elf /usr/bin/cmake-3.19.3-Linux-x86_64/share/cmake-3.19/Modules/CMakeCXXCompilerABI.cpp -quiet -dumpbase CMakeCXXCompilerABI.cpp -march=rv64gcxthead -mabi=lp64d -auxbase-strip CMakeFiles/cmTC_5eadc.dir/CMakeCXXCompilerABI.cpp.obj -version -o /tmp/ccxDyyiO.s]
  ignore line: [GNU C++14 (T-HEAD RISCV Tools V1.10.4 B20210120) version 8.4.0 (riscv64-unknown-elf)]
  ignore line: [	compiled by GNU C version 6.4.0  GMP version 6.2.0  MPFR version 4.0.2  MPC version 1.1.0  isl version none]
  ignore line: [GGC heuristics: --param ggc-min-expand=100 --param ggc-min-heapsize=131072]
  ignore line: [ignoring duplicate directory "/usr/bin/riscv64-elf-20210120/bin/../lib/gcc/../../lib/gcc/riscv64-unknown-elf/8.4.0/../../../../riscv64-unknown-elf/include/c++/8.4.0"]
  ignore line: [ignoring duplicate directory "/usr/bin/riscv64-elf-20210120/bin/../lib/gcc/../../lib/gcc/riscv64-unknown-elf/8.4.0/../../../../riscv64-unknown-elf/include/c++/8.4.0/riscv64-unknown-elf/rv64imafdcxtheadc/lp64d"]
  ignore line: [ignoring duplicate directory "/usr/bin/riscv64-elf-20210120/bin/../lib/gcc/../../lib/gcc/riscv64-unknown-elf/8.4.0/../../../../riscv64-unknown-elf/include/c++/8.4.0/backward"]
  ignore line: [ignoring duplicate directory "/usr/bin/riscv64-elf-20210120/bin/../lib/gcc/../../lib/gcc/riscv64-unknown-elf/8.4.0/include"]
  ignore line: [ignoring nonexistent directory "/usr/bin/riscv64-elf-20210120/bin/../riscv64-unknown-elf/usr/local/include"]
  ignore line: [ignoring duplicate directory "/usr/bin/riscv64-elf-20210120/bin/../lib/gcc/../../lib/gcc/riscv64-unknown-elf/8.4.0/include-fixed"]
  ignore line: [ignoring duplicate directory "/usr/bin/riscv64-elf-20210120/bin/../lib/gcc/../../lib/gcc/riscv64-unknown-elf/8.4.0/../../../../riscv64-unknown-elf/include"]
  ignore line: [ignoring duplicate directory "/usr/bin/riscv64-elf-20210120/bin/../riscv64-unknown-elf/include"]
  ignore line: [#include "..." search starts here:]
  ignore line: [#include <...> search starts here:]
  ignore line: [ /usr/bin/riscv64-elf-20210120/bin/../lib/gcc/riscv64-unknown-elf/8.4.0/../../../../riscv64-unknown-elf/include/c++/8.4.0]
  ignore line: [ /usr/bin/riscv64-elf-20210120/bin/../lib/gcc/riscv64-unknown-elf/8.4.0/../../../../riscv64-unknown-elf/include/c++/8.4.0/riscv64-unknown-elf/rv64imafdcxtheadc/lp64d]
  ignore line: [ /usr/bin/riscv64-elf-20210120/bin/../lib/gcc/riscv64-unknown-elf/8.4.0/../../../../riscv64-unknown-elf/include/c++/8.4.0/backward]
  ignore line: [ /usr/bin/riscv64-elf-20210120/bin/../lib/gcc/riscv64-unknown-elf/8.4.0/include]
  ignore line: [ /usr/bin/riscv64-elf-20210120/bin/../lib/gcc/riscv64-unknown-elf/8.4.0/include-fixed]
  ignore line: [ /usr/bin/riscv64-elf-20210120/bin/../lib/gcc/riscv64-unknown-elf/8.4.0/../../../../riscv64-unknown-elf/include]
  ignore line: [End of search list.]
  ignore line: [GNU C++14 (T-HEAD RISCV Tools V1.10.4 B20210120) version 8.4.0 (riscv64-unknown-elf)]
  ignore line: [	compiled by GNU C version 6.4.0  GMP version 6.2.0  MPFR version 4.0.2  MPC version 1.1.0  isl version none]
  ignore line: [GGC heuristics: --param ggc-min-expand=100 --param ggc-min-heapsize=131072]
  ignore line: [Compiler executable checksum: 50dbd241eaf8fac14b1ce562e319589a]
  ignore line: [COLLECT_GCC_OPTIONS='-v' '-o' 'CMakeFiles/cmTC_5eadc.dir/CMakeCXXCompilerABI.cpp.obj' '-c' '-march=rv64gcxthead' '-mabi=lp64d']
  ignore line: [ /usr/bin/riscv64-elf-20210120/bin/../lib/gcc/riscv64-unknown-elf/8.4.0/../../../../riscv64-unknown-elf/bin/as -v --traditional-format -march=rv64gcxthead -mabi=lp64d -o CMakeFiles/cmTC_5eadc.dir/CMakeCXXCompilerABI.cpp.obj /tmp/ccxDyyiO.s]
  ignore line: [GNU assembler version 2.32 (riscv64-unknown-elf) using BFD version (GNU Binutils) 2.32]
  ignore line: [COMPILER_PATH=/usr/bin/riscv64-elf-20210120/bin/../libexec/gcc/riscv64-unknown-elf/8.4.0/:/usr/bin/riscv64-elf-20210120/bin/../libexec/gcc/:/usr/bin/riscv64-elf-20210120/bin/../lib/gcc/riscv64-unknown-elf/8.4.0/../../../../riscv64-unknown-elf/bin/]
  ignore line: [LIBRARY_PATH=/usr/bin/riscv64-elf-20210120/bin/../lib/gcc/riscv64-unknown-elf/8.4.0/rv64imafdcxtheadc/lp64d/:/usr/bin/riscv64-elf-20210120/bin/../lib/gcc/riscv64-unknown-elf/8.4.0/../../../../riscv64-unknown-elf/lib/rv64imafdcxtheadc/lp64d/:/usr/bin/riscv64-elf-20210120/bin/../riscv64-unknown-elf/lib/rv64imafdcxtheadc/lp64d/:/usr/bin/riscv64-elf-20210120/bin/../lib/gcc/riscv64-unknown-elf/8.4.0/:/usr/bin/riscv64-elf-20210120/bin/../lib/gcc/:/usr/bin/riscv64-elf-20210120/bin/../lib/gcc/riscv64-unknown-elf/8.4.0/../../../../riscv64-unknown-elf/lib/:/usr/bin/riscv64-elf-20210120/bin/../riscv64-unknown-elf/lib/]
  ignore line: [COLLECT_GCC_OPTIONS='-v' '-o' 'CMakeFiles/cmTC_5eadc.dir/CMakeCXXCompilerABI.cpp.obj' '-c' '-march=rv64gcxthead' '-mabi=lp64d']
  ignore line: [Linking CXX executable cmTC_5eadc]
  ignore line: [/usr/bin/cmake-3.19.3-Linux-x86_64/bin/cmake -E cmake_link_script CMakeFiles/cmTC_5eadc.dir/link.txt --verbose=1]
  ignore line: [/usr/bin/riscv64-elf-20210120/bin/riscv64-unknown-elf-g++  -v CMakeFiles/cmTC_5eadc.dir/CMakeCXXCompilerABI.cpp.obj -o cmTC_5eadc ]
  ignore line: [Using built-in specs.]
  ignore line: [COLLECT_GCC=/usr/bin/riscv64-elf-20210120/bin/riscv64-unknown-elf-g++]
  ignore line: [COLLECT_LTO_WRAPPER=/usr/bin/riscv64-elf-20210120/bin/../libexec/gcc/riscv64-unknown-elf/8.4.0/lto-wrapper]
  ignore line: [Target: riscv64-unknown-elf]
  ignore line: [Configured with: /ldhome/software/toolsbuild/slave2/workspace/Toolchain/release-riscv-0/build/../source/riscv/riscv-gcc/configure --target=riscv64-unknown-elf --with-mpc=/ldhome/software/toolsbuild/slave2/workspace/Toolchain/release-riscv-0/lib-for-gcc-x86_64-linux/ --with-mpfr=/ldhome/software/toolsbuild/slave2/workspace/Toolchain/release-riscv-0/lib-for-gcc-x86_64-linux/ --with-gmp=/ldhome/software/toolsbuild/slave2/workspace/Toolchain/release-riscv-0/lib-for-gcc-x86_64-linux/ --prefix=/ldhome/software/toolsbuild/slave2/workspace/Toolchain/release-riscv-0/install --disable-shared --disable-threads --enable-languages=c c++ --with-system-zlib --enable-tls --enable-libgcctf --with-newlib --with-sysroot=/ldhome/software/toolsbuild/slave2/workspace/Toolchain/release-riscv-0/install/riscv64-unknown-elf --with-native-system-header-dir=/include --disable-libmudflap --disable-libssp --disable-libquadmath --disable-libgomp --disable-nls --src=../../source/riscv/riscv-gcc --with-pkgversion='T-HEAD RISCV Tools V1.10.4 B20210120' --enable-multilib --with-abi=lp64d --with-arch=rv64gcxthead 'CFLAGS_FOR_TARGET=-Os  -mcmodel=medany' 'CXXFLAGS_FOR_TARGET=-Os  -mcmodel=medany' CC=gcc CXX=g++]
  ignore line: [Thread model: single]
  ignore line: [gcc version 8.4.0 (T-HEAD RISCV Tools V1.10.4 B20210120) ]
  ignore line: [COMPILER_PATH=/usr/bin/riscv64-elf-20210120/bin/../libexec/gcc/riscv64-unknown-elf/8.4.0/:/usr/bin/riscv64-elf-20210120/bin/../libexec/gcc/:/usr/bin/riscv64-elf-20210120/bin/../lib/gcc/riscv64-unknown-elf/8.4.0/../../../../riscv64-unknown-elf/bin/]
  ignore line: [LIBRARY_PATH=/usr/bin/riscv64-elf-20210120/bin/../lib/gcc/riscv64-unknown-elf/8.4.0/rv64imafdcxtheadc/lp64d/:/usr/bin/riscv64-elf-20210120/bin/../lib/gcc/riscv64-unknown-elf/8.4.0/../../../../riscv64-unknown-elf/lib/rv64imafdcxtheadc/lp64d/:/usr/bin/riscv64-elf-20210120/bin/../riscv64-unknown-elf/lib/rv64imafdcxtheadc/lp64d/:/usr/bin/riscv64-elf-20210120/bin/../lib/gcc/riscv64-unknown-elf/8.4.0/:/usr/bin/riscv64-elf-20210120/bin/../lib/gcc/:/usr/bin/riscv64-elf-20210120/bin/../lib/gcc/riscv64-unknown-elf/8.4.0/../../../../riscv64-unknown-elf/lib/:/usr/bin/riscv64-elf-20210120/bin/../riscv64-unknown-elf/lib/]
  ignore line: [COLLECT_GCC_OPTIONS='-v' '-o' 'cmTC_5eadc' '-march=rv64gcxthead' '-mabi=lp64d']
  link line: [ /usr/bin/riscv64-elf-20210120/bin/../libexec/gcc/riscv64-unknown-elf/8.4.0/collect2 -plugin /usr/bin/riscv64-elf-20210120/bin/../libexec/gcc/riscv64-unknown-elf/8.4.0/liblto_plugin.so -plugin-opt=/usr/bin/riscv64-elf-20210120/bin/../libexec/gcc/riscv64-unknown-elf/8.4.0/lto-wrapper -plugin-opt=-fresolution=/tmp/ccX5jlJU.res -plugin-opt=-pass-through=-lgcc -plugin-opt=-pass-through=-lc -plugin-opt=-pass-through=-lgloss -plugin-opt=-pass-through=-lgcc --sysroot=/usr/bin/riscv64-elf-20210120/bin/../riscv64-unknown-elf -melf64lriscv -o cmTC_5eadc /usr/bin/riscv64-elf-20210120/bin/../lib/gcc/riscv64-unknown-elf/8.4.0/../../../../riscv64-unknown-elf/lib/rv64imafdcxtheadc/lp64d/crt0.o /usr/bin/riscv64-elf-20210120/bin/../lib/gcc/riscv64-unknown-elf/8.4.0/rv64imafdcxtheadc/lp64d/crtbegin.o -L/usr/bin/riscv64-elf-20210120/bin/../lib/gcc/riscv64-unknown-elf/8.4.0/rv64imafdcxtheadc/lp64d -L/usr/bin/riscv64-elf-20210120/bin/../lib/gcc/riscv64-unknown-elf/8.4.0/../../../../riscv64-unknown-elf/lib/rv64imafdcxtheadc/lp64d -L/usr/bin/riscv64-elf-20210120/bin/../riscv64-unknown-elf/lib/rv64imafdcxtheadc/lp64d -L/usr/bin/riscv64-elf-20210120/bin/../lib/gcc/riscv64-unknown-elf/8.4.0 -L/usr/bin/riscv64-elf-20210120/bin/../lib/gcc -L/usr/bin/riscv64-elf-20210120/bin/../lib/gcc/riscv64-unknown-elf/8.4.0/../../../../riscv64-unknown-elf/lib -L/usr/bin/riscv64-elf-20210120/bin/../riscv64-unknown-elf/lib CMakeFiles/cmTC_5eadc.dir/CMakeCXXCompilerABI.cpp.obj -lstdc++ -lm -lgcc --start-group -lc -lgloss --end-group -lgcc /usr/bin/riscv64-elf-20210120/bin/../lib/gcc/riscv64-unknown-elf/8.4.0/rv64imafdcxtheadc/lp64d/crtend.o]
    arg [/usr/bin/riscv64-elf-20210120/bin/../libexec/gcc/riscv64-unknown-elf/8.4.0/collect2] ==> ignore
    arg [-plugin] ==> ignore
    arg [/usr/bin/riscv64-elf-20210120/bin/../libexec/gcc/riscv64-unknown-elf/8.4.0/liblto_plugin.so] ==> ignore
    arg [-plugin-opt=/usr/bin/riscv64-elf-20210120/bin/../libexec/gcc/riscv64-unknown-elf/8.4.0/lto-wrapper] ==> ignore
    arg [-plugin-opt=-fresolution=/tmp/ccX5jlJU.res] ==> ignore
    arg [-plugin-opt=-pass-through=-lgcc] ==> ignore
    arg [-plugin-opt=-pass-through=-lc] ==> ignore
    arg [-plugin-opt=-pass-through=-lgloss] ==> ignore
    arg [-plugin-opt=-pass-through=-lgcc] ==> ignore
    arg [--sysroot=/usr/bin/riscv64-elf-20210120/bin/../riscv64-unknown-elf] ==> ignore
    arg [-melf64lriscv] ==> ignore
    arg [-o] ==> ignore
    arg [cmTC_5eadc] ==> ignore
    arg [/usr/bin/riscv64-elf-20210120/bin/../lib/gcc/riscv64-unknown-elf/8.4.0/../../../../riscv64-unknown-elf/lib/rv64imafdcxtheadc/lp64d/crt0.o] ==> ignore
    arg [/usr/bin/riscv64-elf-20210120/bin/../lib/gcc/riscv64-unknown-elf/8.4.0/rv64imafdcxtheadc/lp64d/crtbegin.o] ==> ignore
    arg [-L/usr/bin/riscv64-elf-20210120/bin/../lib/gcc/riscv64-unknown-elf/8.4.0/rv64imafdcxtheadc/lp64d] ==> dir [/usr/bin/riscv64-elf-20210120/bin/../lib/gcc/riscv64-unknown-elf/8.4.0/rv64imafdcxtheadc/lp64d]
    arg [-L/usr/bin/riscv64-elf-20210120/bin/../lib/gcc/riscv64-unknown-elf/8.4.0/../../../../riscv64-unknown-elf/lib/rv64imafdcxtheadc/lp64d] ==> dir [/usr/bin/riscv64-elf-20210120/bin/../lib/gcc/riscv64-unknown-elf/8.4.0/../../../../riscv64-unknown-elf/lib/rv64imafdcxtheadc/lp64d]
    arg [-L/usr/bin/riscv64-elf-20210120/bin/../riscv64-unknown-elf/lib/rv64imafdcxtheadc/lp64d] ==> dir [/usr/bin/riscv64-elf-20210120/bin/../riscv64-unknown-elf/lib/rv64imafdcxtheadc/lp64d]
    arg [-L/usr/bin/riscv64-elf-20210120/bin/../lib/gcc/riscv64-unknown-elf/8.4.0] ==> dir [/usr/bin/riscv64-elf-20210120/bin/../lib/gcc/riscv64-unknown-elf/8.4.0]
    arg [-L/usr/bin/riscv64-elf-20210120/bin/../lib/gcc] ==> dir [/usr/bin/riscv64-elf-20210120/bin/../lib/gcc]
    arg [-L/usr/bin/riscv64-elf-20210120/bin/../lib/gcc/riscv64-unknown-elf/8.4.0/../../../../riscv64-unknown-elf/lib] ==> dir [/usr/bin/riscv64-elf-20210120/bin/../lib/gcc/riscv64-unknown-elf/8.4.0/../../../../riscv64-unknown-elf/lib]
    arg [-L/usr/bin/riscv64-elf-20210120/bin/../riscv64-unknown-elf/lib] ==> dir [/usr/bin/riscv64-elf-20210120/bin/../riscv64-unknown-elf/lib]
    arg [CMakeFiles/cmTC_5eadc.dir/CMakeCXXCompilerABI.cpp.obj] ==> ignore
    arg [-lstdc++] ==> lib [stdc++]
    arg [-lm] ==> lib [m]
    arg [-lgcc] ==> lib [gcc]
    arg [--start-group] ==> ignore
    arg [-lc] ==> lib [c]
    arg [-lgloss] ==> lib [gloss]
    arg [--end-group] ==> ignore
    arg [-lgcc] ==> lib [gcc]
    arg [/usr/bin/riscv64-elf-20210120/bin/../lib/gcc/riscv64-unknown-elf/8.4.0/rv64imafdcxtheadc/lp64d/crtend.o] ==> ignore
  collapse library dir [/usr/bin/riscv64-elf-20210120/bin/../lib/gcc/riscv64-unknown-elf/8.4.0/rv64imafdcxtheadc/lp64d] ==> [/usr/bin/riscv64-elf-20210120/lib/gcc/riscv64-unknown-elf/8.4.0/rv64imafdcxtheadc/lp64d]
  collapse library dir [/usr/bin/riscv64-elf-20210120/bin/../lib/gcc/riscv64-unknown-elf/8.4.0/../../../../riscv64-unknown-elf/lib/rv64imafdcxtheadc/lp64d] ==> [/usr/bin/riscv64-elf-20210120/riscv64-unknown-elf/lib/rv64imafdcxtheadc/lp64d]
  collapse library dir [/usr/bin/riscv64-elf-20210120/bin/../riscv64-unknown-elf/lib/rv64imafdcxtheadc/lp64d] ==> [/usr/bin/riscv64-elf-20210120/riscv64-unknown-elf/lib/rv64imafdcxtheadc/lp64d]
  collapse library dir [/usr/bin/riscv64-elf-20210120/bin/../lib/gcc/riscv64-unknown-elf/8.4.0] ==> [/usr/bin/riscv64-elf-20210120/lib/gcc/riscv64-unknown-elf/8.4.0]
  collapse library dir [/usr/bin/riscv64-elf-20210120/bin/../lib/gcc] ==> [/usr/bin/riscv64-elf-20210120/lib/gcc]
  collapse library dir [/usr/bin/riscv64-elf-20210120/bin/../lib/gcc/riscv64-unknown-elf/8.4.0/../../../../riscv64-unknown-elf/lib] ==> [/usr/bin/riscv64-elf-20210120/riscv64-unknown-elf/lib]
  collapse library dir [/usr/bin/riscv64-elf-20210120/bin/../riscv64-unknown-elf/lib] ==> [/usr/bin/riscv64-elf-20210120/riscv64-unknown-elf/lib]
  implicit libs: [stdc++;m;gcc;c;gloss;gcc]
  implicit dirs: [/usr/bin/riscv64-elf-20210120/lib/gcc/riscv64-unknown-elf/8.4.0/rv64imafdcxtheadc/lp64d;/usr/bin/riscv64-elf-20210120/riscv64-unknown-elf/lib/rv64imafdcxtheadc/lp64d;/usr/bin/riscv64-elf-20210120/lib/gcc/riscv64-unknown-elf/8.4.0;/usr/bin/riscv64-elf-20210120/lib/gcc;/usr/bin/riscv64-elf-20210120/riscv64-unknown-elf/lib]
  implicit fwks: []


